Flow report for Synco
Fri May 13 16:17:50 2016
Quartus Prime Version 15.1.0 Build 185 10/21/2015 SJ Lite Edition


---------------------
; Table of Contents ;
---------------------
  1. Legal Notice
  2. Flow Summary
  3. Flow Settings
  4. Flow Non-Default Global Settings
  5. Flow Elapsed Time
  6. Flow OS Summary
  7. Flow Log
  8. Flow Messages
  9. Flow Suppressed Messages



----------------
; Legal Notice ;
----------------
Copyright (C) 1991-2015 Altera Corporation. All rights reserved.
Your use of Altera Corporation's design tools, logic functions 
and other software and tools, and its AMPP partner logic 
functions, and any output files from any of the foregoing 
(including device programming or simulation files), and any 
associated documentation or information are expressly subject 
to the terms and conditions of the Altera Program License 
Subscription Agreement, the Altera Quartus Prime License Agreement,
the Altera MegaCore Function License Agreement, or other 
applicable license agreement, including, without limitation, 
that your use is for the sole purpose of programming logic 
devices manufactured by Altera and sold by Altera or its 
authorized distributors.  Please refer to the applicable 
agreement for further details.



+---------------------------------------------------------------------+
; Flow Summary                                                        ;
+-----------------------+---------------------------------------------+
; Flow Status           ; Successful - Fri May 13 16:17:50 2016       ;
; Quartus Prime Version ; 15.1.0 Build 185 10/21/2015 SJ Lite Edition ;
; Revision Name         ; Synco                                       ;
; Top-level Entity Name ; SyncBox                                     ;
; Family                ; MAX II                                      ;
; Device                ; EPM570T144C3                                ;
; Timing Models         ; Final                                       ;
; Total logic elements  ; 551 / 570 ( 97 % )                          ;
; Total pins            ; 74 / 116 ( 64 % )                           ;
; Total virtual pins    ; 0                                           ;
; UFM blocks            ; 0 / 1 ( 0 % )                               ;
+-----------------------+---------------------------------------------+


+-----------------------------------------+
; Flow Settings                           ;
+-------------------+---------------------+
; Option            ; Setting             ;
+-------------------+---------------------+
; Start date & time ; 05/13/2016 16:14:40 ;
; Main task         ; Compilation         ;
; Revision Name     ; Synco               ;
+-------------------+---------------------+


+---------------------------------------------------------------------------------------------------------------------+
; Flow Non-Default Global Settings                                                                                    ;
+-------------------------------------+--------------------------------+---------------+-------------+----------------+
; Assignment Name                     ; Value                          ; Default Value ; Entity Name ; Section Id     ;
+-------------------------------------+--------------------------------+---------------+-------------+----------------+
; COMPILER_SIGNATURE_ID               ; 22930444521232.146317048004362 ; --            ; --          ; --             ;
; EDA_OUTPUT_DATA_FORMAT              ; Vhdl                           ; --            ; --          ; eda_simulation ;
; EDA_SIMULATION_TOOL                 ; ModelSim-Altera (VHDL)         ; <None>        ; --          ; --             ;
; FITTER_EFFORT                       ; Standard Fit                   ; Auto Fit      ; --          ; --             ;
; FLOW_ENABLE_TIMING_CONSTRAINT_CHECK ; On                             ; Off           ; --          ; --             ;
; FMAX_REQUIREMENT                    ; 100 MHz                        ; --            ; --          ; --             ;
; MAX_CORE_JUNCTION_TEMP              ; 85                             ; --            ; --          ; --             ;
; MIN_CORE_JUNCTION_TEMP              ; 0                              ; --            ; --          ; --             ;
; NUM_PARALLEL_PROCESSORS             ; 3                              ; 1             ; --          ; --             ;
; POWER_PRESET_COOLING_SOLUTION       ; No Heat Sink With Still Air    ; --            ; --          ; --             ;
; TOP_LEVEL_ENTITY                    ; SyncBox                        ; Synco         ; --          ; --             ;
+-------------------------------------+--------------------------------+---------------+-------------+----------------+


+-------------------------------------------------------------------------------------------------------------------------------+
; Flow Elapsed Time                                                                                                             ;
+---------------------------+--------------+-------------------------+---------------------+------------------------------------+
; Module Name               ; Elapsed Time ; Average Processors Used ; Peak Virtual Memory ; Total CPU Time (on all processors) ;
+---------------------------+--------------+-------------------------+---------------------+------------------------------------+
; Analysis & Synthesis      ; 00:00:20     ; 1.0                     ; 1181 MB             ; 00:00:44                           ;
; Fitter                    ; 00:00:06     ; 1.0                     ; 1294 MB             ; 00:00:09                           ;
; Assembler                 ; 00:00:01     ; 1.0                     ; 1015 MB             ; 00:00:01                           ;
; TimeQuest Timing Analyzer ; 00:00:03     ; 1.0                     ; 995 MB              ; 00:00:03                           ;
; EDA Netlist Writer        ; 00:00:01     ; 1.0                     ; 1264 MB             ; 00:00:01                           ;
; Total                     ; 00:00:31     ; --                      ; --                  ; 00:00:58                           ;
+---------------------------+--------------+-------------------------+---------------------+------------------------------------+


+---------------------------------------------------------------------------------------------+
; Flow OS Summary                                                                             ;
+---------------------------+------------------+----------------+------------+----------------+
; Module Name               ; Machine Hostname ; OS Name        ; OS Version ; Processor type ;
+---------------------------+------------------+----------------+------------+----------------+
; Analysis & Synthesis      ; gonzo            ; Ubuntu 14.04.4 ; 14         ; x86_64         ;
; Fitter                    ; gonzo            ; Ubuntu 14.04.4 ; 14         ; x86_64         ;
; Assembler                 ; gonzo            ; Ubuntu 14.04.4 ; 14         ; x86_64         ;
; TimeQuest Timing Analyzer ; gonzo            ; Ubuntu 14.04.4 ; 14         ; x86_64         ;
; EDA Netlist Writer        ; gonzo            ; Ubuntu 14.04.4 ; 14         ; x86_64         ;
+---------------------------+------------------+----------------+------------+----------------+


------------
; Flow Log ;
------------
quartus_map --read_settings_files=on --write_settings_files=off Synco -c Synco
quartus_fit --read_settings_files=off --write_settings_files=off Synco -c Synco
quartus_asm --read_settings_files=off --write_settings_files=off Synco -c Synco
quartus_sta Synco -c Synco
quartus_eda --read_settings_files=off --write_settings_files=off Synco -c Synco



