Assembler report for Synco
Fri Oct 20 13:50:50 2006
Version 5.1 Build 176 10/26/2005 SJ Web Edition


---------------------
; Table of Contents ;
---------------------
  1. Legal Notice
  2. Assembler Summary
  3. Assembler Settings
  4. Assembler Generated Files
  5. Assembler Device Options: D:/ZZ-Scuba2/SyncBox/SyncBox-Design/Firmware/SC2-SyncBox-6c/Synco.pof
  6. Assembler Messages



----------------
; Legal Notice ;
----------------
Copyright (C) 1991-2005 Altera Corporation
Your use of Altera Corporation's design tools, logic functions 
and other software and tools, and its AMPP partner logic 
functions, and any output files any of the foregoing 
(including device programming or simulation files), and any 
associated documentation or information are expressly subject 
to the terms and conditions of the Altera Program License 
Subscription Agreement, Altera MegaCore Function License 
Agreement, or other applicable license agreement, including, 
without limitation, that your use is for the sole purpose of 
programming logic devices manufactured by Altera and sold by 
Altera or its authorized distributors.  Please refer to the 
applicable agreement for further details.



+---------------------------------------------------------------+
; Assembler Summary                                             ;
+-----------------------+---------------------------------------+
; Assembler Status      ; Successful - Fri Oct 20 13:50:50 2006 ;
; Revision Name         ; Synco                              ;
; Top-level Entity Name ; SyncBox                               ;
; Family                ; MAX II                                ;
; Device                ; EPM570T144C3                          ;
+-----------------------+---------------------------------------+


+------------------------------------------------------------------------------------------------------------+
; Assembler Settings                                                                                         ;
+--------------------------------------------------------------------------------+-----------+---------------+
; Option                                                                         ; Setting   ; Default Value ;
+--------------------------------------------------------------------------------+-----------+---------------+
; Use smart compilation                                                          ; Off       ; Off           ;
; Generate Serial Vector Format File (.svf) for Target Device                    ; Off       ; Off           ;
; Generate a JEDEC STAPL Format File (.jam) for Target Device                    ; Off       ; Off           ;
; Generate an uncompressed Jam STAPL Byte Code 2.0 File (.jbc) for Target Device ; Off       ; Off           ;
; Generate a compressed Jam STAPL Byte Code 2.0 File (.jbc) for Target Device    ; On        ; On            ;
; In-System Programming Default Clamp State                                      ; Tri-state ; Tri-state     ;
; Compression mode                                                               ; Off       ; Off           ;
; Clock source for configuration device                                          ; Internal  ; Internal      ;
; Clock frequency of the configuration device                                    ; 10 MHZ    ; 10 MHz        ;
; Divide clock frequency by                                                      ; 1         ; 1             ;
; JTAG user code for target device                                               ; Ffffffff  ; Ffffffff      ;
; Auto user code                                                                 ; Off       ; Off           ;
; Security bit                                                                   ; Off       ; Off           ;
; Configuration device                                                           ; Auto      ; Auto          ;
; JTAG user code for configuration device                                        ; Ffffffff  ; Ffffffff      ;
; Configuration device auto user code                                            ; Off       ; Off           ;
; Generate Tabular Text File (.ttf) For Target Device                            ; Off       ; Off           ;
; Generate Raw Binary File (.rbf) For Target Device                              ; Off       ; Off           ;
; Generate Hexadecimal (Intel-Format) Output File (.hexout) for Target Device    ; Off       ; Off           ;
; Hexadecimal Output File start address                                          ; 0         ; 0             ;
; Hexadecimal Output File count direction                                        ; Up        ; Up            ;
; Always Enable Input Buffers                                                    ; Off       ; Off           ;
+--------------------------------------------------------------------------------+-----------+---------------+


+--------------------------------------------------------------------------+
; Assembler Generated Files                                                ;
+--------------------------------------------------------------------------+
; File Name                                                                ;
+--------------------------------------------------------------------------+
; D:/ZZ-Scuba2/SyncBox/SyncBox-Design/Firmware/SC2-SyncBox-6c/Synco.pof ;
+--------------------------------------------------------------------------+


+----------------------------------------------------------------------------------------------------+
; Assembler Device Options: D:/ZZ-Scuba2/SyncBox/SyncBox-Design/Firmware/SC2-SyncBox-6c/Synco.pof ;
+----------------+-----------------------------------------------------------------------------------+
; Option         ; Setting                                                                           ;
+----------------+-----------------------------------------------------------------------------------+
; Device         ; EPM570T144C3                                                                      ;
; JTAG usercode  ; 0xFFFFFFFF                                                                        ;
; Checksum       ; 0x00309FE8                                                                        ;
+----------------+-----------------------------------------------------------------------------------+


+--------------------+
; Assembler Messages ;
+--------------------+
Info: *******************************************************************
Info: Running Quartus II Assembler
    Info: Version 5.1 Build 176 10/26/2005 SJ Web Edition
    Info: Processing started: Fri Oct 20 13:50:49 2006
Info: Command: quartus_asm --read_settings_files=off --write_settings_files=off Synco -c Synco
Info: Writing out detailed assembly data for power analysis
Info: Quartus II Assembler was successful. 0 errors, 0 warnings
    Info: Processing ended: Fri Oct 20 13:50:50 2006
    Info: Elapsed time: 00:00:01


